[16:30:07] [ServerMain/INFO]: Environment: Environment[sessionHost=https://sessionserver.mojang.com, servicesHost=https://api.minecraftservices.com, name=PROD]
[16:30:07] [ServerMain/INFO]: No existing world data, creating new world
[16:30:08] [ServerMain/INFO]: Loaded 1337 recipes
[16:30:08] [ServerMain/INFO]: Loaded 1448 advancements
[16:30:08] [Server thread/INFO]: Starting minecraft server version 1.21.3
[16:30:08] [Server thread/INFO]: Loading properties
[16:30:08] [Server thread/INFO]: Default game type: SURVIVAL
[16:30:08] [Server thread/INFO]: Generating keypair
[16:30:08] [Server thread/INFO]: Starting Minecraft server on *:25565
[16:30:08] [Server thread/INFO]: Using epoll channel type
[16:30:08] [Server thread/WARN]: **** SERVER IS RUNNING IN OFFLINE/INSECURE MODE!
[16:30:08] [Server thread/WARN]: The server will make no attempt to authenticate usernames. Beware.
[16:30:08] [Server thread/WARN]: While this makes the game possible to play without internet access, it also opens up the ability for hackers to connect with any username they choose.
[16:30:08] [Server thread/WARN]: To change this, set "online-mode" to "true" in the server.properties file.
[16:30:08] [Server thread/INFO]: Preparing level "world"
[16:30:10] [Server thread/INFO]: Preparing start region for dimension minecraft:overworld
[16:30:10] [Worker-Main-1/INFO]: Preparing spawn area: 2%
[16:30:10] [Worker-Main-9/INFO]: Preparing spawn area: 2%
[16:30:11] [Worker-Main-3/INFO]: Preparing spawn area: 18%
[16:30:11] [Worker-Main-3/INFO]: Preparing spawn area: 51%
[16:30:12] [Server thread/INFO]: Time elapsed: 1623 ms
[16:30:12] [Server thread/INFO]: Done (3.523s)! For help, type "help"
[16:30:26] [Server thread/INFO]: Brabus[/192.168.161.234:35350] logged in with entity id 7 at (0.5, 84.0, -9.5)
[16:30:26] [Server thread/INFO]: Brabus joined the game
[16:31:38] [Server thread/INFO]: Brabus lost connection: Disconnected
[16:31:38] [Server thread/INFO]: Brabus left the game
